<?xml version="1.0" encoding="UTF-8"?>
<coverage generated="1705024859959" clover="3.2.0">
  <project timestamp="1705024859959" name="All files">
    <metrics statements="27" coveredstatements="27" conditionals="24" coveredconditionals="24" methods="1" coveredmethods="1" elements="52" coveredelements="52" complexity="0" loc="27" ncloc="27" packages="1" files="1" classes="1"/>
    <file name="main.ts" path="/home/thiagodev/repositories/cleanArch/src/main.ts">
      <metrics statements="27" coveredstatements="27" conditionals="24" coveredconditionals="24" methods="1" coveredmethods="1"/>
      <line num="3" count="1" type="stmt"/>
      <line num="4" count="16" type="stmt"/>
      <line num="5" count="16" type="stmt"/>
      <line num="6" count="16" type="cond" truecount="6" falsecount="0"/>
      <line num="7" count="14" type="cond" truecount="6" falsecount="0"/>
      <line num="9" count="12" type="cond" truecount="2" falsecount="0"/>
      <line num="10" count="4" type="stmt"/>
      <line num="14" count="8" type="cond" truecount="4" falsecount="0"/>
      <line num="17" count="4" type="cond" truecount="2" falsecount="0"/>
      <line num="19" count="2" type="stmt"/>
      <line num="22" count="2" type="stmt"/>
      <line num="27" count="4" type="cond" truecount="2" falsecount="0"/>
      <line num="29" count="2" type="stmt"/>
      <line num="32" count="2" type="stmt"/>
      <line num="41" count="2" type="stmt"/>
      <line num="46" count="2" type="stmt"/>
      <line num="50" count="12" type="cond" truecount="2" falsecount="0"/>
      <line num="51" count="2" type="stmt"/>
      <line num="53" count="10" type="stmt"/>
      <line num="57" count="1" type="stmt"/>
      <line num="60" count="1" type="stmt"/>
      <line num="63" count="1" type="stmt"/>
      <line num="66" count="1" type="stmt"/>
      <line num="69" count="1" type="stmt"/>
      <line num="72" count="1" type="stmt"/>
      <line num="75" count="1" type="stmt"/>
      <line num="78" count="1" type="stmt"/>
    </file>
  </project>
</coverage>
