{"/home/thiagodev/repositories/cleanArch/src/main.ts": {"path":"/home/thiagodev/repositories/cleanArch/src/main.ts","statementMap":{"0":{"start":{"line":4,"column":15},"end":{"line":4,"column":16}},"1":{"start":{"line":5,"column":2},"end":{"line":49,"column":3}},"2":{"start":{"line":6,"column":4},"end":{"line":47,"column":5}},"3":{"start":{"line":7,"column":6},"end":{"line":42,"column":7}},"4":{"start":{"line":9,"column":8},"end":{"line":37,"column":9}},"5":{"start":{"line":10,"column":10},"end":{"line":10,"column":35}},"6":{"start":{"line":14,"column":10},"end":{"line":34,"column":11}},"7":{"start":{"line":17,"column":12},"end":{"line":24,"column":13}},"8":{"start":{"line":19,"column":14},"end":{"line":19,"column":40}},"9":{"start":{"line":22,"column":14},"end":{"line":22,"column":37}},"10":{"start":{"line":27,"column":12},"end":{"line":33,"column":13}},"11":{"start":{"line":29,"column":14},"end":{"line":29,"column":39}},"12":{"start":{"line":32,"column":14},"end":{"line":32,"column":40}},"13":{"start":{"line":41,"column":8},"end":{"line":41,"column":18}},"14":{"start":{"line":46,"column":6},"end":{"line":46,"column":16}},"15":{"start":{"line":50,"column":2},"end":{"line":54,"column":3}},"16":{"start":{"line":51,"column":4},"end":{"line":51,"column":14}},"17":{"start":{"line":53,"column":4},"end":{"line":53,"column":18}},"18":{"start":{"line":3,"column":0},"end":{"line":3,"column":16}},"19":{"start":{"line":57,"column":0},"end":{"line":59,"column":4}},"20":{"start":{"line":60,"column":0},"end":{"line":62,"column":4}},"21":{"start":{"line":63,"column":0},"end":{"line":65,"column":4}},"22":{"start":{"line":66,"column":0},"end":{"line":68,"column":4}},"23":{"start":{"line":69,"column":0},"end":{"line":71,"column":4}},"24":{"start":{"line":72,"column":0},"end":{"line":74,"column":4}},"25":{"start":{"line":75,"column":0},"end":{"line":77,"column":4}},"26":{"start":{"line":78,"column":0},"end":{"line":80,"column":4}}},"fnMap":{"0":{"name":"calc","decl":{"start":{"line":3,"column":16},"end":{"line":3,"column":20}},"loc":{"start":{"line":3,"column":29},"end":{"line":55,"column":1}}}},"branchMap":{"0":{"loc":{"start":{"line":6,"column":4},"end":{"line":47,"column":5}},"type":"if","locations":[{"start":{"line":6,"column":4},"end":{"line":47,"column":5}},{"start":{"line":43,"column":11},"end":{"line":47,"column":5}}]},"1":{"loc":{"start":{"line":6,"column":8},"end":{"line":6,"column":97}},"type":"binary-expr","locations":[{"start":{"line":6,"column":8},"end":{"line":6,"column":24}},{"start":{"line":6,"column":28},"end":{"line":6,"column":49}},{"start":{"line":6,"column":53},"end":{"line":6,"column":81}},{"start":{"line":6,"column":85},"end":{"line":6,"column":97}}]},"2":{"loc":{"start":{"line":7,"column":6},"end":{"line":42,"column":7}},"type":"if","locations":[{"start":{"line":7,"column":6},"end":{"line":42,"column":7}},{"start":{"line":39,"column":13},"end":{"line":42,"column":7}}]},"3":{"loc":{"start":{"line":7,"column":10},"end":{"line":7,"column":113}},"type":"binary-expr","locations":[{"start":{"line":7,"column":10},"end":{"line":7,"column":24}},{"start":{"line":7,"column":28},"end":{"line":7,"column":47}},{"start":{"line":7,"column":51},"end":{"line":7,"column":73}},{"start":{"line":7,"column":77},"end":{"line":7,"column":113}}]},"4":{"loc":{"start":{"line":9,"column":8},"end":{"line":37,"column":9}},"type":"if","locations":[{"start":{"line":9,"column":8},"end":{"line":37,"column":9}},{"start":{"line":11,"column":15},"end":{"line":37,"column":9}}]},"5":{"loc":{"start":{"line":14,"column":10},"end":{"line":34,"column":11}},"type":"if","locations":[{"start":{"line":14,"column":10},"end":{"line":34,"column":11}},{"start":{"line":25,"column":17},"end":{"line":34,"column":11}}]},"6":{"loc":{"start":{"line":14,"column":14},"end":{"line":14,"column":63}},"type":"binary-expr","locations":[{"start":{"line":14,"column":14},"end":{"line":14,"column":37}},{"start":{"line":14,"column":41},"end":{"line":14,"column":63}}]},"7":{"loc":{"start":{"line":17,"column":12},"end":{"line":24,"column":13}},"type":"if","locations":[{"start":{"line":17,"column":12},"end":{"line":24,"column":13}},{"start":{"line":21,"column":19},"end":{"line":24,"column":13}}]},"8":{"loc":{"start":{"line":27,"column":12},"end":{"line":33,"column":13}},"type":"if","locations":[{"start":{"line":27,"column":12},"end":{"line":33,"column":13}},{"start":{"line":31,"column":19},"end":{"line":33,"column":13}}]},"9":{"loc":{"start":{"line":50,"column":2},"end":{"line":54,"column":3}},"type":"if","locations":[{"start":{"line":50,"column":2},"end":{"line":54,"column":3}},{"start":{"line":52,"column":9},"end":{"line":54,"column":3}}]}},"s":{"0":16,"1":16,"2":16,"3":14,"4":12,"5":4,"6":8,"7":4,"8":2,"9":2,"10":4,"11":2,"12":2,"13":2,"14":2,"15":12,"16":2,"17":10,"18":1,"19":1,"20":1,"21":1,"22":1,"23":1,"24":1,"25":1,"26":1},"f":{"0":16},"b":{"0":[14,2],"1":[16,16,16,16],"2":[12,2],"3":[14,14,14,14],"4":[4,8],"5":[4,4],"6":[8,4],"7":[2,2],"8":[2,2],"9":[2,10]}}
}
