TN:
SF:src/main.ts
FN:3,calc
FNF:1
FNH:1
FNDA:16,calc
DA:3,1
DA:4,16
DA:5,16
DA:6,16
DA:7,14
DA:9,12
DA:10,4
DA:14,8
DA:17,4
DA:19,2
DA:22,2
DA:27,4
DA:29,2
DA:32,2
DA:41,2
DA:46,2
DA:50,12
DA:51,2
DA:53,10
DA:57,1
DA:60,1
DA:63,1
DA:66,1
DA:69,1
DA:72,1
DA:75,1
DA:78,1
LF:27
LH:27
BRDA:6,0,0,14
BRDA:6,0,1,2
BRDA:6,1,0,16
BRDA:6,1,1,16
BRDA:6,1,2,16
BRDA:6,1,3,16
BRDA:7,2,0,12
BRDA:7,2,1,2
BRDA:7,3,0,14
BRDA:7,3,1,14
BRDA:7,3,2,14
BRDA:7,3,3,14
BRDA:9,4,0,4
BRDA:9,4,1,8
BRDA:14,5,0,4
BRDA:14,5,1,4
BRDA:14,6,0,8
BRDA:14,6,1,4
BRDA:17,7,0,2
BRDA:17,7,1,2
BRDA:27,8,0,2
BRDA:27,8,1,2
BRDA:50,9,0,2
BRDA:50,9,1,10
BRF:24
BRH:24
end_of_record
